<?xml version="1.0" encoding="UTF-8"?>
<!-- Generated by org.testng.reporters.JUnitXMLReporter -->
<testsuite ignored="3" hostname="DESKTOP-AMA4B8C" failures="1" tests="6" name="Car Loan" time="0.026" errors="0" timestamp="2025-02-18T20:15:40 IST">
  <testcase classname="test.Day2" name="FalseTest" time="0.004">
    <failure type="java.lang.AssertionError" message="expected [true] but found [false]">
      <![CDATA[java.lang.AssertionError: expected [true] but found [false]
at test.Day2.FalseTest(Day2.java:26)
at java.base/java.util.ArrayList.forEach(ArrayList.java:1596)
... Removed 29 stack frames]]>
    </failure>
  </testcase> <!-- FalseTest -->
  <testcase classname="test.Day2" name="WebLoginHomeLoan" time="0.001"/>
  <testcase classname="test.Day2" name="APILoginHomeLoan" time="0.001"/>
  <testcase classname="test.Day3" name="APILoginCarLoan" time="0.001"/>
  <testcase classname="test.Day3" name="MobileLoginCarLoan" time="0.001"/>
  <testcase classname="test.Day3" name="WebLoginCarLoan" time="0.002"/>
  <testcase classname="test.Day2" name="MobileLoginHomeLoan2" time="0.0">
    <ignored/>
  </testcase> <!-- MobileLoginHomeLoan2 -->
  <testcase classname="test.Day2" name="MobileLoginHomeLoan" time="0.0">
    <ignored/>
  </testcase> <!-- MobileLoginHomeLoan -->
  <testcase classname="test.Day2" name="MobileLoginHomeLoan1" time="0.0">
    <ignored/>
  </testcase> <!-- MobileLoginHomeLoan1 -->
</testsuite> <!-- Car Loan -->
