<?xml version="1.0" encoding="UTF-8"?>
<!-- Generated by org.testng.reporters.JUnitXMLReporter -->
<testsuite ignored="1" hostname="DESKTOP-AMA4B8C" failures="0" tests="5" name="Personal Loan" time="0.058" errors="0" timestamp="2025-02-18T20:15:40 IST">
  <testcase classname="test.Day1" name="Demo" time="0.008"/>
  <testcase classname="test.Day4" name="MobileLogin" time="0.004"/>
  <testcase classname="test.Day4" name="MobileLogin" time="0.001"/>
  <testcase classname="test.Day4" name="MobileLogin" time="0.001"/>
  <testcase classname="test.Day4" name="pLoan" time="0.001"/>
  <testcase classname="test.Day1" name="SecondTest" time="0.0">
    <ignored/>
  </testcase> <!-- SecondTest -->
</testsuite> <!-- Personal Loan -->
